<?xml version="1.0" encoding="UTF-8"?>
<!-- Generated by org.testng.reporters.JUnitXMLReporter -->
<testsuite hostname="DELL-PC" ignored="0" name="Validate text in Page" tests="1" failures="1" timestamp="2020-05-14T11:50:58 IST" time="19.108" errors="0">
  <testcase name="TextValidationInPage" time="0.292" classname="Academy.ValidateTextInPage">
    <failure type="java.lang.AssertionError" message="expected [Featured Courses1] but found [Featured Courses]">
      <![CDATA[java.lang.AssertionError: expected [Featured Courses1] but found [Featured Courses]
at Academy.ValidateTextInPage.TextValidationInPage(ValidateTextInPage.java:36)
at java.util.ArrayList.forEach(Unknown Source)
... Removed 32 stack frames]]>
    </failure>
  </testcase> <!-- TextValidationInPage -->
</testsuite> <!-- Validate text in Page -->
